Detecting compiler hash for triplet arm64-osx...
Compiler found: /usr/bin/c++
The following packages are already installed:
    benchmark:arm64-osx@1.9.4 -- git+https://github.com/microsoft/vcpkg@b4d5aae6a759a10ac4fccc7edc5dc072296c9d1d
    gsl-lite:arm64-osx@1.0.1 -- git+https://github.com/microsoft/vcpkg@90b6dc17af37c51707fc6b811c6fe4bbd5b0d3f6
    gtest:arm64-osx@1.17.0#2 -- git+https://github.com/microsoft/vcpkg@b8a81820356e90917e5eb5dfe0092bfac57dbb12
  * vcpkg-cmake:arm64-osx@2025-08-07 -- git+https://github.com/microsoft/vcpkg@16b9390dfeaca6df7288ba3f827e40e48e5fc942
  * vcpkg-cmake-config:arm64-osx@2024-05-23 -- git+https://github.com/microsoft/vcpkg@97a63e4bc1a17422ffe4eff71da53b4b561a7841
benchmark provides CMake targets:

  # this is heuristically generated, and may not be correct
  find_package(benchmark CONFIG REQUIRED)
  target_link_libraries(main PRIVATE benchmark::benchmark benchmark::benchmark_main)

benchmark provides pkg-config modules:

  # Google microbenchmark framework
  benchmark

  # Google microbenchmark framework (with main() function)
  benchmark_main

gsl-lite provides CMake targets:

  find_package(gsl-lite CONFIG REQUIRED)
  target_link_libraries(main PRIVATE gsl-lite::gsl-lite)

The package gtest is compatible with built-in CMake targets:

    enable_testing()
    
    find_package(GTest CONFIG REQUIRED)
    target_link_libraries(main PRIVATE GTest::gtest GTest::gtest_main GTest::gmock GTest::gmock_main)
    
    add_test(AllTestsInMain main)

All requested installations completed successfully in: 65.2 us
