Fetching registry information from https://github.com/microsoft/vcpkg (HEAD)...
Detecting compiler hash for triplet arm64-osx...
Compiler found: /usr/bin/c++
The following packages will be built and installed:
    benchmark:arm64-osx@1.9.4 -- git+https://github.com/microsoft/vcpkg@b4d5aae6a759a10ac4fccc7edc5dc072296c9d1d
    gsl-lite:arm64-osx@1.0.1 -- git+https://github.com/microsoft/vcpkg@90b6dc17af37c51707fc6b811c6fe4bbd5b0d3f6
    gtest:arm64-osx@1.17.0#2 -- git+https://github.com/microsoft/vcpkg@b8a81820356e90917e5eb5dfe0092bfac57dbb12
  * vcpkg-cmake:arm64-osx@2025-08-07 -- git+https://github.com/microsoft/vcpkg@16b9390dfeaca6df7288ba3f827e40e48e5fc942
  * vcpkg-cmake-config:arm64-osx@2024-05-23 -- git+https://github.com/microsoft/vcpkg@97a63e4bc1a17422ffe4eff71da53b4b561a7841
Additional packages (*) will be modified to complete this operation.
Restored 5 package(s) from /Users/prakharprabir/.cache/vcpkg/archives in 77.1 ms. Use --debug to see more details.
Installing 1/5 vcpkg-cmake-config:arm64-osx@2024-05-23...
Elapsed time to handle vcpkg-cmake-config:arm64-osx: 1.42 ms
vcpkg-cmake-config:arm64-osx package ABI: 9cc1a96734c922f4499ea315eac2c2a740393acd18b903a7c29584c31641c3bd
Installing 2/5 vcpkg-cmake:arm64-osx@2025-08-07...
Elapsed time to handle vcpkg-cmake:arm64-osx: 1.67 ms
vcpkg-cmake:arm64-osx package ABI: 8644a86cb335728bb2ce8926e32bd2c4968d8761ff14225015893c8abfe9f186
Installing 3/5 benchmark:arm64-osx@1.9.4...
Elapsed time to handle benchmark:arm64-osx: 4.17 ms
benchmark:arm64-osx package ABI: 4e029e965a0fef2b7a9484a0a7727e3d1daa4d9b89e4986211e992f2f4f566a6
Installing 4/5 gsl-lite:arm64-osx@1.0.1...
Elapsed time to handle gsl-lite:arm64-osx: 2.19 ms
gsl-lite:arm64-osx package ABI: f2e84940104cfddcde320f3fa39347ec9c0398980d885dfa7a038064a62ab352
Installing 5/5 gtest:arm64-osx@1.17.0#2...
Elapsed time to handle gtest:arm64-osx: 13.5 ms
gtest:arm64-osx package ABI: 5ef3cf44eff343397df9a6ffe9c263649c14b817aea5538601234d16c45bfeb0
Installed contents are licensed to you by owners. Microsoft is not responsible for, nor does it grant any licenses to, third-party packages.
Packages installed in this vcpkg installation declare the following licenses:
Apache-2.0
BSD-3-Clause
MIT
benchmark provides CMake targets:

  # this is heuristically generated, and may not be correct
  find_package(benchmark CONFIG REQUIRED)
  target_link_libraries(main PRIVATE benchmark::benchmark benchmark::benchmark_main)

benchmark provides pkg-config modules:

  # Google microbenchmark framework
  benchmark

  # Google microbenchmark framework (with main() function)
  benchmark_main

gsl-lite provides CMake targets:

  find_package(gsl-lite CONFIG REQUIRED)
  target_link_libraries(main PRIVATE gsl-lite::gsl-lite)

The package gtest is compatible with built-in CMake targets:

    enable_testing()
    
    find_package(GTest CONFIG REQUIRED)
    target_link_libraries(main PRIVATE GTest::gtest GTest::gtest_main GTest::gmock GTest::gmock_main)
    
    add_test(AllTestsInMain main)

All requested installations completed successfully in: 24 ms
